# JRE version: OpenJDK Runtime Environment (17.0.6) (build 17.0.6+0-b2043.56-9586694)
# Java VM: OpenJDK 64-Bit Server VM (17.0.6+0-b2043.56-9586694, mixed mode, tiered, compressed oops, compressed class ptrs, g1 gc, windows-amd64)
GC Precious Log:
 CPUs: 12 total, 12 available
 Memory: 16263M
 Large Page Support: Disabled
 NUMA Support: Disabled
 Compressed Oops: Enabled (32-bit)
 Heap Region Size: 1M
 Heap Min Capacity: 8M
 Heap Initial Capacity: 256M
 Heap Max Capacity: 1536M
 Pre-touch: Disabled
 Parallel Workers: 10
 Concurrent Workers: 3
 Concurrent Refinement Workers: 10
 Periodic GC: Disabled
Heap:
 garbage-first heap   total 350208K, used 266017K [0x00000000a0000000, 0x0000000100000000)
  region size 1024K, 24 young (24576K), 4 survivors (4096K)
 Metaspace       used 92830K, committed 94016K, reserved 1130496K
  class space    used 12683K, committed 13184K, reserved 1048576K
GC Heap History (20 events):
Event: 11.618 GC heap before
{Heap before GC invocations=23 (full 0):
 garbage-first heap   total 162816K, used 98949K [0x00000000a0000000, 0x0000000100000000)
  region size 1024K, 7 young (7168K), 4 survivors (4096K)
 Metaspace       used 80626K, committed 81472K, reserved 1122304K
  class space    used 10925K, committed 11264K, reserved 1048576K
}
Event: 11.621 GC heap after
{Heap after GC invocations=24 (full 0):
 garbage-first heap   total 162816K, used 96545K [0x00000000a0000000, 0x0000000100000000)
  region size 1024K, 1 young (1024K), 1 survivors (1024K)
 Metaspace       used 80626K, committed 81472K, reserved 1122304K
  class space    used 10925K, committed 11264K, reserved 1048576K
}
Event: 12.081 GC heap before
{Heap before GC invocations=24 (full 0):
 garbage-first heap   total 162816K, used 131361K [0x00000000a0000000, 0x0000000100000000)
  region size 1024K, 35 young (35840K), 1 survivors (1024K)
 Metaspace       used 84909K, committed 85760K, reserved 1130496K
  class space    used 11547K, committed 11904K, reserved 1048576K
}
Event: 12.084 GC heap after
{Heap after GC invocations=25 (full 0):
 garbage-first heap   total 162816K, used 98283K [0x00000000a0000000, 0x0000000100000000)
  region size 1024K, 3 young (3072K), 3 survivors (3072K)
 Metaspace       used 84909K, committed 85760K, reserved 1130496K
  class space    used 11547K, committed 11904K, reserved 1048576K
}
Event: 12.560 GC heap before
{Heap before GC invocations=26 (full 0):
 garbage-first heap   total 174080K, used 132075K [0x00000000a0000000, 0x0000000100000000)
  region size 1024K, 36 young (36864K), 3 survivors (3072K)
 Metaspace       used 85807K, committed 86720K, reserved 1130496K
  class space    used 11641K, committed 12032K, reserved 1048576K
}
Event: 12.570 GC heap after
{Heap after GC invocations=27 (full 0):
 garbage-first heap   total 174080K, used 107896K [0x00000000a0000000, 0x0000000100000000)
  region size 1024K, 5 young (5120K), 5 survivors (5120K)
 Metaspace       used 85807K, committed 86720K, reserved 1130496K
  class space    used 11641K, committed 12032K, reserved 1048576K
}
Event: 12.604 GC heap before
{Heap before GC invocations=27 (full 0):
 garbage-first heap   total 174080K, used 110968K [0x00000000a0000000, 0x0000000100000000)
  region size 1024K, 8 young (8192K), 5 survivors (5120K)
 Metaspace       used 85856K, committed 86720K, reserved 1130496K
  class space    used 11651K, committed 12032K, reserved 1048576K
}
Event: 12.610 GC heap after
{Heap after GC invocations=28 (full 0):
 garbage-first heap   total 174080K, used 108318K [0x00000000a0000000, 0x0000000100000000)
  region size 1024K, 1 young (1024K), 1 survivors (1024K)
 Metaspace       used 85856K, committed 86720K, reserved 1130496K
  class space    used 11651K, committed 12032K, reserved 1048576K
}
Event: 12.951 GC heap before
{Heap before GC invocations=28 (full 0):
 garbage-first heap   total 174080K, used 140062K [0x00000000a0000000, 0x0000000100000000)
  region size 1024K, 32 young (32768K), 1 survivors (1024K)
 Metaspace       used 86728K, committed 87680K, reserved 1130496K
  class space    used 11767K, committed 12160K, reserved 1048576K
}
Event: 12.956 GC heap after
{Heap after GC invocations=29 (full 0):
 garbage-first heap   total 290816K, used 112594K [0x00000000a0000000, 0x0000000100000000)
  region size 1024K, 4 young (4096K), 4 survivors (4096K)
 Metaspace       used 86728K, committed 87680K, reserved 1130496K
  class space    used 11767K, committed 12160K, reserved 1048576K
}
Event: 14.286 GC heap before
{Heap before GC invocations=30 (full 0):
 garbage-first heap   total 290816K, used 224210K [0x00000000a0000000, 0x0000000100000000)
  region size 1024K, 114 young (116736K), 4 survivors (4096K)
 Metaspace       used 89849K, committed 90944K, reserved 1130496K
  class space    used 12383K, committed 12864K, reserved 1048576K
}
Event: 14.302 GC heap after
{Heap after GC invocations=31 (full 0):
 garbage-first heap   total 290816K, used 126190K [0x00000000a0000000, 0x0000000100000000)
  region size 1024K, 15 young (15360K), 15 survivors (15360K)
 Metaspace       used 89849K, committed 90944K, reserved 1130496K
  class space    used 12383K, committed 12864K, reserved 1048576K
}
Event: 14.313 GC heap before
{Heap before GC invocations=31 (full 0):
 garbage-first heap   total 290816K, used 127214K [0x00000000a0000000, 0x0000000100000000)
  region size 1024K, 16 young (16384K), 15 survivors (15360K)
 Metaspace       used 89853K, committed 90944K, reserved 1130496K
  class space    used 12383K, committed 12864K, reserved 1048576K
}
Event: 14.323 GC heap after
{Heap after GC invocations=32 (full 0):
 garbage-first heap   total 290816K, used 127416K [0x00000000a0000000, 0x0000000100000000)
  region size 1024K, 2 young (2048K), 2 survivors (2048K)
 Metaspace       used 89853K, committed 90944K, reserved 1130496K
  class space    used 12383K, committed 12864K, reserved 1048576K
}
Event: 15.700 GC heap before
{Heap before GC invocations=32 (full 0):
 garbage-first heap   total 290816K, used 220600K [0x00000000a0000000, 0x0000000100000000)
  region size 1024K, 94 young (96256K), 2 survivors (2048K)
 Metaspace       used 90802K, committed 91968K, reserved 1130496K
  class space    used 12478K, committed 12992K, reserved 1048576K
}
Event: 15.709 GC heap after
{Heap after GC invocations=33 (full 0):
 garbage-first heap   total 290816K, used 133560K [0x00000000a0000000, 0x0000000100000000)
  region size 1024K, 8 young (8192K), 8 survivors (8192K)
 Metaspace       used 90802K, committed 91968K, reserved 1130496K
  class space    used 12478K, committed 12992K, reserved 1048576K
}
Event: 16.969 GC heap before
{Heap before GC invocations=33 (full 0):
 garbage-first heap   total 290816K, used 226744K [0x00000000a0000000, 0x0000000100000000)
  region size 1024K, 100 young (102400K), 8 survivors (8192K)
 Metaspace       used 91418K, committed 92608K, reserved 1130496K
  class space    used 12548K, committed 13056K, reserved 1048576K
}
Event: 16.980 GC heap after
{Heap after GC invocations=34 (full 0):
 garbage-first heap   total 290816K, used 141423K [0x00000000a0000000, 0x0000000100000000)
  region size 1024K, 8 young (8192K), 8 survivors (8192K)
 Metaspace       used 91418K, committed 92608K, reserved 1130496K
  class space    used 12548K, committed 13056K, reserved 1048576K
}
Event: 18.513 GC heap before
{Heap before GC invocations=34 (full 0):
 garbage-first heap   total 290816K, used 220271K [0x00000000a0000000, 0x0000000100000000)
  region size 1024K, 53 young (54272K), 8 survivors (8192K)
 Metaspace       used 92705K, committed 93888K, reserved 1130496K
  class space    used 12673K, committed 13184K, reserved 1048576K
}
Event: 18.521 GC heap after
{Heap after GC invocations=35 (full 0):
 garbage-first heap   total 290816K, used 180001K [0x00000000a0000000, 0x0000000100000000)
  region size 1024K, 4 young (4096K), 4 survivors (4096K)
 Metaspace       used 92705K, committed 93888K, reserved 1130496K
  class space    used 12673K, committed 13184K, reserved 1048576K
}

