# JRE version: OpenJDK Runtime Environment (17.0.6) (build 17.0.6+0-b2043.56-9586694)
# Java VM: OpenJDK 64-Bit Server VM (17.0.6+0-b2043.56-9586694, mixed mode, tiered, compressed oops, compressed class ptrs, g1 gc, windows-amd64)
GC Precious Log:
 CPUs: 12 total, 12 available
 Memory: 16263M
 Large Page Support: Disabled
 NUMA Support: Disabled
 Compressed Oops: Enabled (32-bit)
 Heap Region Size: 1M
 Heap Min Capacity: 8M
 Heap Initial Capacity: 256M
 Heap Max Capacity: 1536M
 Pre-touch: Disabled
 Parallel Workers: 10
 Concurrent Workers: 3
 Concurrent Refinement Workers: 10
 Periodic GC: Disabled
Heap:
 garbage-first heap   total 317440K, used 247243K [0x00000000a0000000, 0x0000000100000000)
  region size 1024K, 13 young (13312K), 6 survivors (6144K)
 Metaspace       used 109605K, committed 111040K, reserved 1146880K
  class space    used 14996K, committed 15680K, reserved 1048576K
GC Heap History (20 events):
Event: 22.216 GC heap before
{Heap before GC invocations=37 (full 0):
 garbage-first heap   total 249856K, used 204024K [0x00000000a0000000, 0x0000000100000000)
  region size 1024K, 62 young (63488K), 9 survivors (9216K)
 Metaspace       used 101476K, committed 102656K, reserved 1138688K
  class space    used 13759K, committed 14272K, reserved 1048576K
}
Event: 22.225 GC heap after
{Heap after GC invocations=38 (full 0):
 garbage-first heap   total 249856K, used 156554K [0x00000000a0000000, 0x0000000100000000)
  region size 1024K, 6 young (6144K), 6 survivors (6144K)
 Metaspace       used 101476K, committed 102656K, reserved 1138688K
  class space    used 13759K, committed 14272K, reserved 1048576K
}
Event: 23.090 GC heap before
{Heap before GC invocations=38 (full 0):
 garbage-first heap   total 249856K, used 198538K [0x00000000a0000000, 0x0000000100000000)
  region size 1024K, 31 young (31744K), 6 survivors (6144K)
 Metaspace       used 101739K, committed 102912K, reserved 1138688K
  class space    used 13781K, committed 14272K, reserved 1048576K
}
Event: 23.093 GC heap after
{Heap after GC invocations=39 (full 0):
 garbage-first heap   total 249856K, used 174492K [0x00000000a0000000, 0x0000000100000000)
  region size 1024K, 2 young (2048K), 2 survivors (2048K)
 Metaspace       used 101739K, committed 102912K, reserved 1138688K
  class space    used 13781K, committed 14272K, reserved 1048576K
}
Event: 23.743 GC heap before
{Heap before GC invocations=40 (full 0):
 garbage-first heap   total 317440K, used 231836K [0x00000000a0000000, 0x0000000100000000)
  region size 1024K, 39 young (39936K), 2 survivors (2048K)
 Metaspace       used 101848K, committed 102976K, reserved 1138688K
  class space    used 13786K, committed 14272K, reserved 1048576K
}
Event: 23.746 GC heap after
{Heap after GC invocations=41 (full 0):
 garbage-first heap   total 317440K, used 160906K [0x00000000a0000000, 0x0000000100000000)
  region size 1024K, 3 young (3072K), 3 survivors (3072K)
 Metaspace       used 101848K, committed 102976K, reserved 1138688K
  class space    used 13786K, committed 14272K, reserved 1048576K
}
Event: 23.754 GC heap before
{Heap before GC invocations=41 (full 0):
 garbage-first heap   total 317440K, used 175242K [0x00000000a0000000, 0x0000000100000000)
  region size 1024K, 15 young (15360K), 3 survivors (3072K)
 Metaspace       used 101860K, committed 102976K, reserved 1138688K
  class space    used 13790K, committed 14272K, reserved 1048576K
}
Event: 23.757 GC heap after
{Heap after GC invocations=42 (full 0):
 garbage-first heap   total 317440K, used 156730K [0x00000000a0000000, 0x0000000100000000)
  region size 1024K, 1 young (1024K), 1 survivors (1024K)
 Metaspace       used 101860K, committed 102976K, reserved 1138688K
  class space    used 13790K, committed 14272K, reserved 1048576K
}
Event: 26.687 GC heap before
{Heap before GC invocations=42 (full 0):
 garbage-first heap   total 317440K, used 267322K [0x00000000a0000000, 0x0000000100000000)
  region size 1024K, 103 young (105472K), 1 survivors (1024K)
 Metaspace       used 104688K, committed 105856K, reserved 1146880K
  class space    used 14201K, committed 14720K, reserved 1048576K
}
Event: 26.692 GC heap after
{Heap after GC invocations=43 (full 0):
 garbage-first heap   total 317440K, used 167390K [0x00000000a0000000, 0x0000000100000000)
  region size 1024K, 7 young (7168K), 7 survivors (7168K)
 Metaspace       used 104688K, committed 105856K, reserved 1146880K
  class space    used 14201K, committed 14720K, reserved 1048576K
}
Event: 76.787 GC heap before
{Heap before GC invocations=43 (full 0):
 garbage-first heap   total 317440K, used 272862K [0x00000000a0000000, 0x0000000100000000)
  region size 1024K, 102 young (104448K), 7 survivors (7168K)
 Metaspace       used 108142K, committed 109376K, reserved 1146880K
  class space    used 14866K, committed 15488K, reserved 1048576K
}
Event: 76.792 GC heap after
{Heap after GC invocations=44 (full 0):
 garbage-first heap   total 317440K, used 170434K [0x00000000a0000000, 0x0000000100000000)
  region size 1024K, 8 young (8192K), 8 survivors (8192K)
 Metaspace       used 108142K, committed 109376K, reserved 1146880K
  class space    used 14866K, committed 15488K, reserved 1048576K
}
Event: 77.570 GC heap before
{Heap before GC invocations=44 (full 0):
 garbage-first heap   total 317440K, used 265666K [0x00000000a0000000, 0x0000000100000000)
  region size 1024K, 102 young (104448K), 8 survivors (8192K)
 Metaspace       used 108771K, committed 110144K, reserved 1146880K
  class space    used 14939K, committed 15552K, reserved 1048576K
}
Event: 77.582 GC heap after
{Heap after GC invocations=45 (full 0):
 garbage-first heap   total 317440K, used 183390K [0x00000000a0000000, 0x0000000100000000)
  region size 1024K, 13 young (13312K), 13 survivors (13312K)
 Metaspace       used 108771K, committed 110144K, reserved 1146880K
  class space    used 14939K, committed 15552K, reserved 1048576K
}
Event: 78.384 GC heap before
{Heap before GC invocations=45 (full 0):
 garbage-first heap   total 317440K, used 261214K [0x00000000a0000000, 0x0000000100000000)
  region size 1024K, 89 young (91136K), 13 survivors (13312K)
 Metaspace       used 109184K, committed 110528K, reserved 1146880K
  class space    used 14958K, committed 15616K, reserved 1048576K
}
Event: 78.405 GC heap after
{Heap after GC invocations=46 (full 0):
 garbage-first heap   total 317440K, used 201728K [0x00000000a0000000, 0x0000000100000000)
  region size 1024K, 12 young (12288K), 12 survivors (12288K)
 Metaspace       used 109184K, committed 110528K, reserved 1146880K
  class space    used 14958K, committed 15616K, reserved 1048576K
}
Event: 79.286 GC heap before
{Heap before GC invocations=46 (full 0):
 garbage-first heap   total 317440K, used 258047K [0x00000000a0000000, 0x0000000100000000)
  region size 1024K, 68 young (69632K), 12 survivors (12288K)
 Metaspace       used 109319K, committed 110720K, reserved 1146880K
  class space    used 14968K, committed 15616K, reserved 1048576K
}
Event: 79.299 GC heap after
{Heap after GC invocations=47 (full 0):
 garbage-first heap   total 317440K, used 209490K [0x00000000a0000000, 0x0000000100000000)
  region size 1024K, 7 young (7168K), 7 survivors (7168K)
 Metaspace       used 109319K, committed 110720K, reserved 1146880K
  class space    used 14968K, committed 15616K, reserved 1048576K
}
Event: 81.401 GC heap before
{Heap before GC invocations=47 (full 0):
 garbage-first heap   total 317440K, used 289362K [0x00000000a0000000, 0x0000000100000000)
  region size 1024K, 59 young (60416K), 7 survivors (7168K)
 Metaspace       used 109594K, committed 111040K, reserved 1146880K
  class space    used 14994K, committed 15680K, reserved 1048576K
}
Event: 81.411 GC heap after
{Heap after GC invocations=48 (full 0):
 garbage-first heap   total 317440K, used 243147K [0x00000000a0000000, 0x0000000100000000)
  region size 1024K, 6 young (6144K), 6 survivors (6144K)
 Metaspace       used 109594K, committed 111040K, reserved 1146880K
  class space    used 14994K, committed 15680K, reserved 1048576K
}

