# JRE version: OpenJDK Runtime Environment (17.0.6) (build 17.0.6+0-b2043.56-9586694)
# Java VM: OpenJDK 64-Bit Server VM (17.0.6+0-b2043.56-9586694, mixed mode, tiered, compressed oops, compressed class ptrs, g1 gc, windows-amd64)
GC Precious Log:
 CPUs: 12 total, 12 available
 Memory: 16263M
 Large Page Support: Disabled
 NUMA Support: Disabled
 Compressed Oops: Enabled (32-bit)
 Heap Region Size: 1M
 Heap Min Capacity: 8M
 Heap Initial Capacity: 256M
 Heap Max Capacity: 1536M
 Pre-touch: Disabled
 Parallel Workers: 10
 Concurrent Workers: 3
 Concurrent Refinement Workers: 10
 Periodic GC: Disabled
Heap:
 garbage-first heap   total 262144K, used 221324K [0x00000000a0000000, 0x0000000100000000)
  region size 1024K, 9 young (9216K), 1 survivors (1024K)
 Metaspace       used 92672K, committed 93824K, reserved 1130496K
  class space    used 12651K, committed 13120K, reserved 1048576K
GC Heap History (20 events):
Event: 14.771 GC heap before
{Heap before GC invocations=31 (full 0):
 garbage-first heap   total 233472K, used 179325K [0x00000000a0000000, 0x0000000100000000)
  region size 1024K, 95 young (97280K), 14 survivors (14336K)
 Metaspace       used 86067K, committed 86976K, reserved 1130496K
  class space    used 11661K, committed 12032K, reserved 1048576K
}
Event: 14.786 GC heap after
{Heap after GC invocations=32 (full 0):
 garbage-first heap   total 233472K, used 110283K [0x00000000a0000000, 0x0000000100000000)
  region size 1024K, 12 young (12288K), 12 survivors (12288K)
 Metaspace       used 86067K, committed 86976K, reserved 1130496K
  class space    used 11661K, committed 12032K, reserved 1048576K
}
Event: 15.393 GC heap before
{Heap before GC invocations=32 (full 0):
 garbage-first heap   total 233472K, used 180939K [0x00000000a0000000, 0x0000000100000000)
  region size 1024K, 81 young (82944K), 12 survivors (12288K)
 Metaspace       used 87111K, committed 88128K, reserved 1130496K
  class space    used 11801K, committed 12224K, reserved 1048576K
}
Event: 15.409 GC heap after
{Heap after GC invocations=33 (full 0):
 garbage-first heap   total 233472K, used 123720K [0x00000000a0000000, 0x0000000100000000)
  region size 1024K, 11 young (11264K), 11 survivors (11264K)
 Metaspace       used 87111K, committed 88128K, reserved 1130496K
  class space    used 11801K, committed 12224K, reserved 1048576K
}
Event: 16.283 GC heap before
{Heap before GC invocations=33 (full 0):
 garbage-first heap   total 233472K, used 183112K [0x00000000a0000000, 0x0000000100000000)
  region size 1024K, 70 young (71680K), 11 survivors (11264K)
 Metaspace       used 89792K, committed 90752K, reserved 1130496K
  class space    used 12368K, committed 12800K, reserved 1048576K
}
Event: 16.295 GC heap after
{Heap after GC invocations=34 (full 0):
 garbage-first heap   total 233472K, used 130247K [0x00000000a0000000, 0x0000000100000000)
  region size 1024K, 6 young (6144K), 6 survivors (6144K)
 Metaspace       used 89792K, committed 90752K, reserved 1130496K
  class space    used 12368K, committed 12800K, reserved 1048576K
}
Event: 17.100 GC heap before
{Heap before GC invocations=34 (full 0):
 garbage-first heap   total 233472K, used 185543K [0x00000000a0000000, 0x0000000100000000)
  region size 1024K, 61 young (62464K), 6 survivors (6144K)
 Metaspace       used 90415K, committed 91520K, reserved 1130496K
  class space    used 12433K, committed 12928K, reserved 1048576K
}
Event: 17.108 GC heap after
{Heap after GC invocations=35 (full 0):
 garbage-first heap   total 233472K, used 134569K [0x00000000a0000000, 0x0000000100000000)
  region size 1024K, 5 young (5120K), 5 survivors (5120K)
 Metaspace       used 90415K, committed 91520K, reserved 1130496K
  class space    used 12433K, committed 12928K, reserved 1048576K
}
Event: 17.980 GC heap before
{Heap before GC invocations=35 (full 0):
 garbage-first heap   total 233472K, used 188841K [0x00000000a0000000, 0x0000000100000000)
  region size 1024K, 59 young (60416K), 5 survivors (5120K)
 Metaspace       used 90824K, committed 91904K, reserved 1130496K
  class space    used 12462K, committed 12928K, reserved 1048576K
}
Event: 17.987 GC heap after
{Heap after GC invocations=36 (full 0):
 garbage-first heap   total 233472K, used 140220K [0x00000000a0000000, 0x0000000100000000)
  region size 1024K, 6 young (6144K), 6 survivors (6144K)
 Metaspace       used 90824K, committed 91904K, reserved 1130496K
  class space    used 12462K, committed 12928K, reserved 1048576K
}
Event: 18.494 GC heap before
{Heap before GC invocations=36 (full 0):
 garbage-first heap   total 233472K, used 190396K [0x00000000a0000000, 0x0000000100000000)
  region size 1024K, 56 young (57344K), 6 survivors (6144K)
 Metaspace       used 91229K, committed 92352K, reserved 1130496K
  class space    used 12520K, committed 12992K, reserved 1048576K
}
Event: 18.503 GC heap after
{Heap after GC invocations=37 (full 0):
 garbage-first heap   total 233472K, used 144408K [0x00000000a0000000, 0x0000000100000000)
  region size 1024K, 5 young (5120K), 5 survivors (5120K)
 Metaspace       used 91229K, committed 92352K, reserved 1130496K
  class space    used 12520K, committed 12992K, reserved 1048576K
}
Event: 19.242 GC heap before
{Heap before GC invocations=37 (full 0):
 garbage-first heap   total 233472K, used 192536K [0x00000000a0000000, 0x0000000100000000)
  region size 1024K, 53 young (54272K), 5 survivors (5120K)
 Metaspace       used 91402K, committed 92608K, reserved 1130496K
  class space    used 12533K, committed 13056K, reserved 1048576K
}
Event: 19.249 GC heap after
{Heap after GC invocations=38 (full 0):
 garbage-first heap   total 233472K, used 148070K [0x00000000a0000000, 0x0000000100000000)
  region size 1024K, 4 young (4096K), 4 survivors (4096K)
 Metaspace       used 91402K, committed 92608K, reserved 1130496K
  class space    used 12533K, committed 13056K, reserved 1048576K
}
Event: 20.919 GC heap before
{Heap before GC invocations=38 (full 0):
 garbage-first heap   total 233472K, used 194150K [0x00000000a0000000, 0x0000000100000000)
  region size 1024K, 31 young (31744K), 4 survivors (4096K)
 Metaspace       used 92687K, committed 93824K, reserved 1130496K
  class space    used 12658K, committed 13120K, reserved 1048576K
}
Event: 20.926 GC heap after
{Heap after GC invocations=39 (full 0):
 garbage-first heap   total 233472K, used 171435K [0x00000000a0000000, 0x0000000100000000)
  region size 1024K, 7 young (7168K), 7 survivors (7168K)
 Metaspace       used 92687K, committed 93824K, reserved 1130496K
  class space    used 12658K, committed 13120K, reserved 1048576K
}
Event: 20.932 GC heap before
{Heap before GC invocations=39 (full 0):
 garbage-first heap   total 233472K, used 175531K [0x00000000a0000000, 0x0000000100000000)
  region size 1024K, 8 young (8192K), 7 survivors (7168K)
 Metaspace       used 92687K, committed 93824K, reserved 1130496K
  class space    used 12658K, committed 13120K, reserved 1048576K
}
Event: 20.938 GC heap after
{Heap after GC invocations=40 (full 0):
 garbage-first heap   total 233472K, used 175892K [0x00000000a0000000, 0x0000000100000000)
  region size 1024K, 1 young (1024K), 1 survivors (1024K)
 Metaspace       used 92687K, committed 93824K, reserved 1130496K
  class space    used 12658K, committed 13120K, reserved 1048576K
}
Event: 20.939 GC heap before
{Heap before GC invocations=40 (full 0):
 garbage-first heap   total 233472K, used 179988K [0x00000000a0000000, 0x0000000100000000)
  region size 1024K, 2 young (2048K), 1 survivors (1024K)
 Metaspace       used 92687K, committed 93824K, reserved 1130496K
  class space    used 12658K, committed 13120K, reserved 1048576K
}
Event: 20.942 GC heap after
{Heap after GC invocations=41 (full 0):
 garbage-first heap   total 233472K, used 179340K [0x00000000a0000000, 0x0000000100000000)
  region size 1024K, 1 young (1024K), 1 survivors (1024K)
 Metaspace       used 92687K, committed 93824K, reserved 1130496K
  class space    used 12658K, committed 13120K, reserved 1048576K
}

