# JRE version: OpenJDK Runtime Environment (17.0.6) (build 17.0.6+0-b2043.56-9586694)
# Java VM: OpenJDK 64-Bit Server VM (17.0.6+0-b2043.56-9586694, mixed mode, tiered, compressed oops, compressed class ptrs, g1 gc, windows-amd64)
GC Precious Log:
 CPUs: 12 total, 12 available
 Memory: 16263M
 Large Page Support: Disabled
 NUMA Support: Disabled
 Compressed Oops: Enabled (32-bit)
 Heap Region Size: 1M
 Heap Min Capacity: 8M
 Heap Initial Capacity: 256M
 Heap Max Capacity: 1536M
 Pre-touch: Disabled
 Parallel Workers: 10
 Concurrent Workers: 3
 Concurrent Refinement Workers: 10
 Periodic GC: Disabled
Heap:
 garbage-first heap   total 262144K, used 221921K [0x00000000a0000000, 0x0000000100000000)
  region size 1024K, 8 young (8192K), 1 survivors (1024K)
 Metaspace       used 92734K, committed 93952K, reserved 1130496K
  class space    used 12660K, committed 13184K, reserved 1048576K
GC Heap History (20 events):
Event: 14.866 GC heap before
{Heap before GC invocations=35 (full 0):
 garbage-first heap   total 236544K, used 170490K [0x00000000a0000000, 0x0000000100000000)
  region size 1024K, 86 young (88064K), 13 survivors (13312K)
 Metaspace       used 85905K, committed 86784K, reserved 1130496K
  class space    used 11639K, committed 12032K, reserved 1048576K
}
Event: 14.882 GC heap after
{Heap after GC invocations=36 (full 0):
 garbage-first heap   total 236544K, used 108423K [0x00000000a0000000, 0x0000000100000000)
  region size 1024K, 11 young (11264K), 11 survivors (11264K)
 Metaspace       used 85905K, committed 86784K, reserved 1130496K
  class space    used 11639K, committed 12032K, reserved 1048576K
}
Event: 15.397 GC heap before
{Heap before GC invocations=36 (full 0):
 garbage-first heap   total 236544K, used 176007K [0x00000000a0000000, 0x0000000100000000)
  region size 1024K, 77 young (78848K), 11 survivors (11264K)
 Metaspace       used 87064K, committed 88000K, reserved 1130496K
  class space    used 11782K, committed 12160K, reserved 1048576K
}
Event: 15.410 GC heap after
{Heap after GC invocations=37 (full 0):
 garbage-first heap   total 236544K, used 120832K [0x00000000a0000000, 0x0000000100000000)
  region size 1024K, 10 young (10240K), 10 survivors (10240K)
 Metaspace       used 87064K, committed 88000K, reserved 1130496K
  class space    used 11782K, committed 12160K, reserved 1048576K
}
Event: 16.415 GC heap before
{Heap before GC invocations=37 (full 0):
 garbage-first heap   total 236544K, used 180224K [0x00000000a0000000, 0x0000000100000000)
  region size 1024K, 69 young (70656K), 10 survivors (10240K)
 Metaspace       used 89833K, committed 90880K, reserved 1130496K
  class space    used 12376K, committed 12800K, reserved 1048576K
}
Event: 16.427 GC heap after
{Heap after GC invocations=38 (full 0):
 garbage-first heap   total 236544K, used 128374K [0x00000000a0000000, 0x0000000100000000)
  region size 1024K, 7 young (7168K), 7 survivors (7168K)
 Metaspace       used 89833K, committed 90880K, reserved 1130496K
  class space    used 12376K, committed 12800K, reserved 1048576K
}
Event: 17.184 GC heap before
{Heap before GC invocations=38 (full 0):
 garbage-first heap   total 236544K, used 184694K [0x00000000a0000000, 0x0000000100000000)
  region size 1024K, 63 young (64512K), 7 survivors (7168K)
 Metaspace       used 90474K, committed 91520K, reserved 1130496K
  class space    used 12440K, committed 12864K, reserved 1048576K
}
Event: 17.192 GC heap after
{Heap after GC invocations=39 (full 0):
 garbage-first heap   total 236544K, used 133704K [0x00000000a0000000, 0x0000000100000000)
  region size 1024K, 5 young (5120K), 5 survivors (5120K)
 Metaspace       used 90474K, committed 91520K, reserved 1130496K
  class space    used 12440K, committed 12864K, reserved 1048576K
}
Event: 17.869 GC heap before
{Heap before GC invocations=39 (full 0):
 garbage-first heap   total 236544K, used 189000K [0x00000000a0000000, 0x0000000100000000)
  region size 1024K, 60 young (61440K), 5 survivors (5120K)
 Metaspace       used 90884K, committed 92032K, reserved 1130496K
  class space    used 12469K, committed 12928K, reserved 1048576K
}
Event: 17.876 GC heap after
{Heap after GC invocations=40 (full 0):
 garbage-first heap   total 236544K, used 139237K [0x00000000a0000000, 0x0000000100000000)
  region size 1024K, 6 young (6144K), 6 survivors (6144K)
 Metaspace       used 90884K, committed 92032K, reserved 1130496K
  class space    used 12469K, committed 12928K, reserved 1048576K
}
Event: 18.484 GC heap before
{Heap before GC invocations=40 (full 0):
 garbage-first heap   total 236544K, used 191461K [0x00000000a0000000, 0x0000000100000000)
  region size 1024K, 58 young (59392K), 6 survivors (6144K)
 Metaspace       used 91284K, committed 92416K, reserved 1130496K
  class space    used 12527K, committed 12992K, reserved 1048576K
}
Event: 18.491 GC heap after
{Heap after GC invocations=41 (full 0):
 garbage-first heap   total 236544K, used 143812K [0x00000000a0000000, 0x0000000100000000)
  region size 1024K, 5 young (5120K), 5 survivors (5120K)
 Metaspace       used 91284K, committed 92416K, reserved 1130496K
  class space    used 12527K, committed 12992K, reserved 1048576K
}
Event: 19.173 GC heap before
{Heap before GC invocations=41 (full 0):
 garbage-first heap   total 236544K, used 193988K [0x00000000a0000000, 0x0000000100000000)
  region size 1024K, 55 young (56320K), 5 survivors (5120K)
 Metaspace       used 91445K, committed 92608K, reserved 1130496K
  class space    used 12540K, committed 12992K, reserved 1048576K
}
Event: 19.181 GC heap after
{Heap after GC invocations=42 (full 0):
 garbage-first heap   total 236544K, used 147654K [0x00000000a0000000, 0x0000000100000000)
  region size 1024K, 4 young (4096K), 4 survivors (4096K)
 Metaspace       used 91445K, committed 92608K, reserved 1130496K
  class space    used 12540K, committed 12992K, reserved 1048576K
}
Event: 22.393 GC heap before
{Heap before GC invocations=42 (full 0):
 garbage-first heap   total 236544K, used 193734K [0x00000000a0000000, 0x0000000100000000)
  region size 1024K, 31 young (31744K), 4 survivors (4096K)
 Metaspace       used 92721K, committed 93888K, reserved 1130496K
  class space    used 12665K, committed 13184K, reserved 1048576K
}
Event: 22.399 GC heap after
{Heap after GC invocations=43 (full 0):
 garbage-first heap   total 236544K, used 171968K [0x00000000a0000000, 0x0000000100000000)
  region size 1024K, 7 young (7168K), 7 survivors (7168K)
 Metaspace       used 92721K, committed 93888K, reserved 1130496K
  class space    used 12665K, committed 13184K, reserved 1048576K
}
Event: 22.403 GC heap before
{Heap before GC invocations=43 (full 0):
 garbage-first heap   total 236544K, used 176064K [0x00000000a0000000, 0x0000000100000000)
  region size 1024K, 8 young (8192K), 7 survivors (7168K)
 Metaspace       used 92722K, committed 93888K, reserved 1130496K
  class space    used 12665K, committed 13184K, reserved 1048576K
}
Event: 22.407 GC heap after
{Heap after GC invocations=44 (full 0):
 garbage-first heap   total 236544K, used 176636K [0x00000000a0000000, 0x0000000100000000)
  region size 1024K, 1 young (1024K), 1 survivors (1024K)
 Metaspace       used 92722K, committed 93888K, reserved 1130496K
  class space    used 12665K, committed 13184K, reserved 1048576K
}
Event: 22.475 GC heap before
{Heap before GC invocations=44 (full 0):
 garbage-first heap   total 236544K, used 186876K [0x00000000a0000000, 0x0000000100000000)
  region size 1024K, 5 young (5120K), 1 survivors (1024K)
 Metaspace       used 92745K, committed 93952K, reserved 1130496K
  class space    used 12667K, committed 13184K, reserved 1048576K
}
Event: 22.478 GC heap after
{Heap after GC invocations=45 (full 0):
 garbage-first heap   total 236544K, used 185057K [0x00000000a0000000, 0x0000000100000000)
  region size 1024K, 1 young (1024K), 1 survivors (1024K)
 Metaspace       used 92745K, committed 93952K, reserved 1130496K
  class space    used 12667K, committed 13184K, reserved 1048576K
}

